Removed Pin From Net: NetName=12V12 Pin=C10-1
Removed Pin From Net: NetName=12V12 Pin=C14-1
Removed Pin From Net: NetName=12V12 Pin=IC1-3
Removed Pin From Net: NetName=12V12 Pin=IC1-5
Removed Pin From Net: NetName=12V12 Pin=IC2-3
Removed Pin From Net: NetName=12V12 Pin=IC2-5
Removed Pin From Net: NetName=12V12 Pin=J2-2
Removed Pin From Net: NetName=12V12 Pin=J3-1
Added Pin To Net: NetName=12V12 Pin=C10-2
Added Pin To Net: NetName=12V12 Pin=C11-2
Added Pin To Net: NetName=12V12 Pin=IC1-1
Added Pin To Net: NetName=12V12 Pin=J3-2
Added Pin To Net: NetName=12V12 Pin=P1-5
Added Pin To Net: NetName=12V12 Pin=P1-7
Added Pin To Net: NetName=12V12 Pin=P1-11
Added Pin To Net: NetName=12V12 Pin=R2-1
Change Net Name : Old Net Name=12V12 New Net Name=ESC-GND OUT
Added Pin To Net: NetName=12V12 Pin=C10-1
Added Pin To Net: NetName=12V12 Pin=C14-1
Added Pin To Net: NetName=12V12 Pin=IC1-3
Added Pin To Net: NetName=12V12 Pin=IC1-5
Added Pin To Net: NetName=12V12 Pin=IC2-3
Added Pin To Net: NetName=12V12 Pin=IC2-5
Added Pin To Net: NetName=12V12 Pin=J2-2
Added Pin To Net: NetName=12V12 Pin=J3-1
Added Net: Name=12V12
Added Rule: Name=Schematic Supply Nets
