Removed Pin From Net: NetName=SW Pin=C12-2
Removed Pin From Net: NetName=SW Pin=IC2-2
Removed Pin From Net: NetName=SW Pin=L2-1
Added Component: Designator=R6(FP-RK09L1140A2U-MFG)
Add component (AddParameter): Name = "Automotive"; Value = "No"; VariantName = "[No Variations]"
Add component (AddParameter): Name = "Category"; Value = "Res"; VariantName = "[No Variations]"
Add component (AddParameter): Name = "ComponentLink2Description"; Value = "Datasheet"; VariantName = "[No Variations]"
Add component (AddParameter): Name = "ComponentLink2URL"; Value = "https://www.alps.com/prod/info/E/HTML/Potentiometer/RotaryPotentiometers/RK09L/RK09L1140A2U.html"; VariantName = "[No Variations]"
Add component (AddParameter): Name = "Device Class L1"; Value = "Passive Components"; VariantName = "[No Variations]"
Add component (AddParameter): Name = "Device Class L2"; Value = "Resistors"; VariantName = "[No Variations]"
Add component (AddParameter): Name = "Device Class L3"; Value = "Variable Resistors and Potentiometers"; VariantName = "[No Variations]"
Add component (AddParameter): Name = "Height"; Value = "30mm"; VariantName = "[No Variations]"
Add component (AddParameter): Name = "Lead Free"; Value = "Yes"; VariantName = "[No Variations]"
Add component (AddParameter): Name = "Manufacturer"; Value = "ALPS"; VariantName = "[No Variations]"
Add component (AddParameter): Name = "Manufacturer Part Number"; Value = "RK09L1140A2U"; VariantName = "[No Variations]"
Add component (AddParameter): Name = "Octopart"; Value = "https://octopart.com/rk09l1140a2u-alps-7850070"; VariantName = "[No Variations]"
Add component (AddParameter): Name = "Package"; Value = "RK09L1140A2U"; VariantName = "[No Variations]"
Add component (AddParameter): Name = "Power Rating"; Value = "0.05W"; VariantName = "[No Variations]"
Add component (AddParameter): Name = "Resistance"; Value = "10kO"; VariantName = "[No Variations]"
Add component (AddParameter): Name = "RoHS"; Value = "TRUE"; VariantName = "[No Variations]"
Add component (AddParameter): Name = "Series"; Value = "RK09L"; VariantName = "[No Variations]"
Add component (AddParameter): Name = "Standoff Height"; Value = "2.55mm"; VariantName = "[No Variations]"
Add component (AddParameter): Name = "Temperature"; Value = "-10蚓 to +70蚓"; VariantName = "[No Variations]"
Add component (AddParameter): Name = "Temperature Range High"; Value = "+70蚓"; VariantName = "[No Variations]"
Add component (AddParameter): Name = "Temperature Range Low"; Value = "-10蚓"; VariantName = "[No Variations]"
Add component (AddParameter): Name = "Tolerance"; Value = "20%"; VariantName = "[No Variations]"
Add component (AddParameter): Name = "Value"; Value = "10kO"; VariantName = "[No Variations]"
Add component (AddParameter): Name = "Voltage Rating"; Value = "50V"; VariantName = "[No Variations]"
Added Pin To Net: NetName=3V3 Pin=R6-1
Added Pin To Net: NetName=WIPER Pin=R6-2
Added Pin To Net: NetName=ESC-GND OUT Pin=R6-3
Added Pin To Net: NetName=ESC-GND OUT Pin=R6-4
Added Pin To Net: NetName=ESC-GND OUT Pin=R6-5
Change Net Name : Old Net Name=SW New Net Name=IC1_SW
Added Pin To Net: NetName=IC2_SW Pin=C12-2
Added Pin To Net: NetName=IC2_SW Pin=IC2-2
Added Pin To Net: NetName=IC2_SW Pin=L2-1
Added Net: Name=IC2_SW
