Change Component Designator: OldDesignator= NewDesignator=1
Change Component Designator: OldDesignator= C1 NewDesignator=C3
Change Component Designator: OldDesignator=C1 NewDesignator=C4
Change Component Designator: OldDesignator=C2 NewDesignator=C5
Change Component Designator: OldDesignator=C3 NewDesignator=C6
Change Component Designator: OldDesignator=C4 NewDesignator=C7
Change Component Designator: OldDesignator=C5 NewDesignator=C8
Change Component Designator: OldDesignator=C6 NewDesignator=C9
Change Component Designator: OldDesignator=C22 NewDesignator=C1
Change Component Designator: OldDesignator=C23 NewDesignator=C2
Change Component Designator: OldDesignator=C31 NewDesignator=C10
Change Component Designator: OldDesignator=C32 NewDesignator=C11
Change Component Designator: OldDesignator=C33 NewDesignator=C12
Change Component Designator: OldDesignator=C34 NewDesignator=C13
Change Component Designator: OldDesignator=C35 NewDesignator=C14
Change Component Designator: OldDesignator=C36 NewDesignator=C15
Change Component Designator: OldDesignator=C37 NewDesignator=C16
Change Component Designator: OldDesignator=DS3 NewDesignator=DS1
Change Component Designator: OldDesignator=DS4 NewDesignator=DS2
Change Component Designator: OldDesignator=IC2 NewDesignator=IC1
Change Component Designator: OldDesignator=IC3 NewDesignator=IC2
Change Component Designator: OldDesignator=J9 NewDesignator=J1
Change Component Designator: OldDesignator=J10 NewDesignator=J2
Change Component Designator: OldDesignator=J11 NewDesignator=J3
Change Component Designator: OldDesignator=J12 NewDesignator=J4
Change Component Designator: OldDesignator=J13 NewDesignator=J5
Change Component Designator: OldDesignator=J14 NewDesignator=J6
Change Component Designator: OldDesignator=L2 NewDesignator=L1
Change Component Designator: OldDesignator=L3 NewDesignator=L2
Change Component Designator: OldDesignator=P3 NewDesignator=P1
Change Component Designator: OldDesignator=R12 NewDesignator=R1
Change Component Designator: OldDesignator=R13 NewDesignator=R2
Change Component Designator: OldDesignator=R14 NewDesignator=R3
Change Component Designator: OldDesignator=R15 NewDesignator=R4
Change Component Designator: OldDesignator=R16 NewDesignator=R5
Change Component Designator: OldDesignator=R17 NewDesignator=R6
Change Component Designator: OldDesignator=R18 NewDesignator=R7
Change Component Designator: OldDesignator=U4 NewDesignator=U1
Change Net Name : Old Net Name=Net_2 New Net Name=Net1_2
Change Net Name : Old Net Name=NetC22_1 New Net Name=NetC1_1
Change Net Name : Old Net Name=NetC23_1 New Net Name=NetC2_1
Change Net Name : Old Net Name=NetC33_1 New Net Name=NetC12_1
Change Net Name : Old Net Name=NetC34_1 New Net Name=NetC13_1
Change Net Name : Old Net Name=NetDS3_1 New Net Name=NetDS1_1
Change Net Name : Old Net Name=NetDS4_2 New Net Name=NetDS2_2
Change Net Name : Old Net Name=NetIC2_4 New Net Name=NetIC1_4
