Change Component Comment : Designator=R5 Old Comment=AT0805BRE071KL New Comment=1k
Change Component Comment : Designator=R7 Old Comment=AT0805BRE071KL New Comment=1k
Change Component Comment : Designator=R3 Old Comment=AT0805DRE0710KL New Comment=10k
Change Component Comment : Designator=C1 Old Comment=C0805C104M5UACTU New Comment=100nf
Change Component Comment : Designator=C12 Old Comment=C0805C104M5UACTU New Comment=100nf
Change Component Comment : Designator=C2 Old Comment=C1210C226K4RACTU New Comment=22uF
Change Component Comment : Designator=C11 Old Comment=C1210C226K4RACTU New Comment=22uF
Change Component Comment : Designator=C13 Old Comment=C1210C226K4RACTU New Comment=22uF
Change Component Comment : Designator=C15 Old Comment=C1210C226K4RACTU New Comment=22uF
Change Component Comment : Designator=C9 Old Comment=CC0603KRX5R7BB105 New Comment=1uF
Change Component Comment : Designator=C6 Old Comment=CC0603KRX5R7BB475 New Comment=4,7uF
Change Component Comment : Designator=C8 Old Comment=CC0603KRX5R7BB475 New Comment=4,7uF
Change Component Comment : Designator=C4 Old Comment=CC0603KRX7R8BB104 New Comment=100nF
Change Component Comment : Designator=C5 Old Comment=CC0603KRX7R8BB104 New Comment=100nF
Change Component Comment : Designator=C7 Old Comment=CC0603KRX7R8BB104 New Comment=100nF
Change Component Comment : Designator=C16 Old Comment=CC0805KKX7RYBB104 New Comment=100nF
Change Component Comment : Designator=C10 Old Comment=CC1210KKX7R8BB225 New Comment=2.2uF
Change Component Comment : Designator=C14 Old Comment=CC1210KKX7R8BB225 New Comment=2.2uF
Change Component Comment : Designator=L1 Old Comment=IHLP2020BZER2R2M11 New Comment=2.2uH
Change Component Comment : Designator=R1 Old Comment=RQ73C2A100KBTD New Comment=100k
Change Component Comment : Designator=R4 Old Comment=RQ73C2A100KBTD New Comment=100k
Change Component Comment : Designator=R19 Old Comment=RT0805BRD0713K7L New Comment=13k7
Change Component Comment : Designator=R2 Old Comment=RT0805BRD0722K1L New Comment=22k1
Change Component Comment : Designator=C3 Old Comment=VJ0603Y103KXJAC New Comment=10nF
Change Component Library : Designator=IC1 Old Library=INT-FINAL.IntLib New Library=*
Change Component Library : Designator=IC2 Old Library=INT-FINAL.IntLib New Library=*
Change Component Library : Designator=J2 Old Library=INT-FINAL.IntLib New Library=*
Change Component Library : Designator=J3 Old Library=INT-FINAL.IntLib New Library=*
Change Component Library : Designator=L2 Old Library=INT-FINAL.IntLib New Library=*
Change Component Library : Designator=J4 Old Library=INT-FINAL.IntLib New Library=Motorsteuerung_V5.SCHLIB
Change Component Library : Designator=J5 Old Library=INT-FINAL.IntLib New Library=Motorsteuerung_V5.SCHLIB
Change Component Library : Designator=J6 Old Library=INT-FINAL.IntLib New Library=Motorsteuerung_V5.SCHLIB
