Change Component Comment : Designator=R5 Old Comment=1k New Comment=AT0805BRE071KL
Change Component Comment : Designator=R7 Old Comment=1k New Comment=AT0805BRE071KL
Change Component Comment : Designator=C9 Old Comment=1uF New Comment=CC0603KRX5R7BB105
Change Component Comment : Designator=C10 Old Comment=2.2uF New Comment=CC1210KKX7R8BB225
Change Component Comment : Designator=C14 Old Comment=2.2uF New Comment=CC1210KKX7R8BB225
Change Component Comment : Designator=L1 Old Comment=2.2uH New Comment=IHLP2020BZER2R2M11
Change Component Comment : Designator=C6 Old Comment=4,7uF New Comment=CC0603KRX5R7BB475
Change Component Comment : Designator=C8 Old Comment=4,7uF New Comment=CC0603KRX5R7BB475
Change Component Comment : Designator=R3 Old Comment=10k New Comment=AT0805DRE0710KL
Change Component Comment : Designator=C3 Old Comment=10nF New Comment=VJ0603Y103KXJAC
Change Component Comment : Designator=R19 Old Comment=13k7 New Comment=RT0805BRD0713K7L
Change Component Comment : Designator=R2 Old Comment=22k1 New Comment=RT0805BRD0722K1L
Change Component Comment : Designator=C2 Old Comment=22uF New Comment=C1210C226K4RACTU
Change Component Comment : Designator=C11 Old Comment=22uF New Comment=C1210C226K4RACTU
Change Component Comment : Designator=C13 Old Comment=22uF New Comment=C1210C226K4RACTU
Change Component Comment : Designator=C15 Old Comment=22uF New Comment=C1210C226K4RACTU
Change Component Comment : Designator=R1 Old Comment=100k New Comment=RQ73C2A100KBTD
Change Component Comment : Designator=R4 Old Comment=100k New Comment=RQ73C2A100KBTD
Change Component Comment : Designator=C1 Old Comment=100nf New Comment=C0805C104M5UACTU
Change Component Comment : Designator=C12 Old Comment=100nf New Comment=C0805C104M5UACTU
Change Component Comment : Designator=C4 Old Comment=100nF New Comment=CC0603KRX7R8BB104
Change Component Comment : Designator=C5 Old Comment=100nF New Comment=CC0603KRX7R8BB104
Change Component Comment : Designator=C7 Old Comment=100nF New Comment=CC0603KRX7R8BB104
Change Component Comment : Designator=C16 Old Comment=100nF New Comment=CC0805KKX7RYBB104
Change Component Library : Designator=IC1 Old Library=* New Library=INT-FINAL.IntLib
Change Component Library : Designator=IC2 Old Library=* New Library=INT-FINAL.IntLib
Change Component Library : Designator=J2 Old Library=* New Library=INT-FINAL.IntLib
Change Component Library : Designator=J3 Old Library=* New Library=INT-FINAL.IntLib
Change Component Library : Designator=J4 Old Library=* New Library=INT-FINAL.IntLib
Change Component Library : Designator=J5 Old Library=* New Library=INT-FINAL.IntLib
Change Component Library : Designator=J6 Old Library=* New Library=INT-FINAL.IntLib
Change Component Library : Designator=L2 Old Library=* New Library=INT-FINAL.IntLib
