Change Physical Footprint: Designator=C1 Old Footprint=FP-C0805C104M5UACTU-MFG New Footprint=FP-C0805C104M5UACTU-MFG
Change Physical Footprint: Designator=C2 Old Footprint=FP-C1210C226K4RACTU-MFG New Footprint=FP-C1210C226K4RACTU-MFG
Change Physical Footprint: Designator=C3 Old Footprint=CAPC1608X92X38ML15T08 New Footprint=CAPC1608X92X38ML15T08
Change Physical Footprint: Designator=C4 Old Footprint=FP-CC0603-DA-MFG New Footprint=FP-CC0603-DA-MFG
Change Physical Footprint: Designator=C5 Old Footprint=FP-CC0603-DA-MFG New Footprint=FP-CC0603-DA-MFG
Change Physical Footprint: Designator=C6 Old Footprint=FP-CC0603-DA-MFG New Footprint=FP-CC0603-DA-MFG
Change Physical Footprint: Designator=C7 Old Footprint=FP-CC0603-DA-MFG New Footprint=FP-CC0603-DA-MFG
Change Physical Footprint: Designator=C8 Old Footprint=FP-CC0603-DA-MFG New Footprint=FP-CC0603-DA-MFG
Change Physical Footprint: Designator=C9 Old Footprint=FP-CC0603-DA-MFG New Footprint=FP-CC0603-DA-MFG
Change Physical Footprint: Designator=C10 Old Footprint=FP-CC1210-G3-MFG New Footprint=FP-CC1210-G3-MFG
Change Physical Footprint: Designator=C11 Old Footprint=FP-C1210C226K4RACTU-MFG New Footprint=FP-C1210C226K4RACTU-MFG
Change Physical Footprint: Designator=C12 Old Footprint=FP-C0805C104M5UACTU-MFG New Footprint=FP-C0805C104M5UACTU-MFG
Change Physical Footprint: Designator=C13 Old Footprint=FP-C1210C226K4RACTU-MFG New Footprint=FP-C1210C226K4RACTU-MFG
Change Physical Footprint: Designator=C14 Old Footprint=FP-CC1210-G3-MFG New Footprint=FP-CC1210-G3-MFG
Change Physical Footprint: Designator=C15 Old Footprint=FP-C1210C226K4RACTU-MFG New Footprint=FP-C1210C226K4RACTU-MFG
Change Physical Footprint: Designator=C16 Old Footprint=FP-CC0805-EB-MFG New Footprint=FP-CC0805-EB-MFG
Change Physical Footprint: Designator=IC1 Old Footprint=SOT95P280X110-6N New Footprint=SOT95P280X110-6N
Change Physical Footprint: Designator=IC2 Old Footprint=SOT95P280X110-6N New Footprint=SOT95P280X110-6N
Change Physical Footprint: Designator=J1 Old Footprint=FP-TMM-103-01-L-S-SM-MFG New Footprint=FP-TMM-103-01-L-S-SM-MFG
Change Physical Footprint: Designator=J2 Old Footprint=1711026 New Footprint=1711026
Change Physical Footprint: Designator=J3 Old Footprint=1711026 New Footprint=1711026
Change Physical Footprint: Designator=J4 Old Footprint=1725669 New Footprint=1725669
Change Physical Footprint: Designator=J5 Old Footprint=1725669 New Footprint=1725669
Change Physical Footprint: Designator=J6 Old Footprint=1725669 New Footprint=1725669
Change Physical Footprint: Designator=L1 Old Footprint=FP-IHLP-2020BZ-FP_1_905X2-MFG New Footprint=FP-IHLP-2020BZ-FP_1_905x2-MFG
Change Physical Footprint: Designator=L2 Old Footprint=INDPM6054X300N New Footprint=INDPM6054X300N
Change Physical Footprint: Designator=LED1 Old Footprint=LTST-C170KRKT_V New Footprint=LTST-C170KRKT_V
Change Physical Footprint: Designator=LED2 Old Footprint=LTST-LTST-C170KGKT-2_V New Footprint=LTST-LTST-C170KGKT-2_V
Change Physical Footprint: Designator=MH1 Old Footprint=MTH New Footprint=MTH
Change Physical Footprint: Designator=MH2 Old Footprint=MTH New Footprint=MTH
Change Physical Footprint: Designator=MH3 Old Footprint=MTH New Footprint=MTH
Change Physical Footprint: Designator=MH4 Old Footprint=MTH New Footprint=MTH
Change Physical Footprint: Designator=P1 Old Footprint=62701420621 New Footprint=62701420621
Change Physical Footprint: Designator=R1 Old Footprint=FP-RQ73C2A-IPC_B New Footprint=FP-RQ73C2A-IPC_B
Change Physical Footprint: Designator=R2 Old Footprint=FP-RT0805-MFG New Footprint=FP-RT0805-MFG
Change Physical Footprint: Designator=R3 Old Footprint=FP-AT0805-MFG New Footprint=FP-AT0805-MFG
Change Physical Footprint: Designator=R4 Old Footprint=FP-RQ73C2A-IPC_B New Footprint=FP-RQ73C2A-IPC_B
Change Physical Footprint: Designator=R5 Old Footprint=FP-AT0805-IPC_C New Footprint=FP-AT0805-IPC_C
Change Physical Footprint: Designator=R7 Old Footprint=FP-AT0805-IPC_C New Footprint=FP-AT0805-IPC_C
Change Physical Footprint: Designator=R19 Old Footprint=FP-RT0805-MFG New Footprint=FP-RT0805-MFG
Change Physical Footprint: Designator=U1 Old Footprint=LQFP48_M New Footprint=LQFP48_M
