Removed Pin From Net: NetName=12V12 Pin=C10-1
Removed Pin From Net: NetName=12V12 Pin=IC1-3
Removed Pin From Net: NetName=12V12 Pin=J2-1
Removed Pin From Net: NetName=GND Pin=J2-2
Removed Pin From Net: NetName=GND Pin=J3-1
Removed Pin From Net: NetName=12V12 Pin=J3-2
Change Component Designator: OldDesignator= NewDesignator=MH1
Change Component Designator: OldDesignator= NewDesignator=MH2
Change Component Designator: OldDesignator= NewDesignator=MH3
Change Component Designator: OldDesignator= NewDesignator=MH4
Added Pin To Net: NetName=GND Pin=J2-1
Added Pin To Net: NetName=12V12 Pin=J3-1
Added Pin To Net: NetName=GND Pin=J3-2
Added Pin To Net: NetName=NetC10_1 Pin=C10-1
Added Pin To Net: NetName=NetC10_1 Pin=IC1-3
Added Pin To Net: NetName=NetC10_1 Pin=J2-2
Added Net: Name=NetC10_1
Added Member To Class: ClassName=Motorsteuerung_V5 Member=Component MH1
Added Member To Class: ClassName=Motorsteuerung_V5 Member=Component MH2
Added Member To Class: ClassName=Motorsteuerung_V5 Member=Component MH4
